0 info it worked if it ends with ok
1 verbose cli [ 'E:\\nodejs\\node.exe',
1 verbose cli   'E:\\nodejs\\node_modules\\npm\\bin\\npm-cli.js',
1 verbose cli   'prefix',
1 verbose cli   '-g' ]
2 info using npm@2.14.20
3 info using node@v4.4.0
4 verbose stack Error: write EPIPE
4 verbose stack     at exports._errnoException (util.js:870:11)
4 verbose stack     at Socket._writeGeneric (net.js:679:26)
4 verbose stack     at Socket._write (net.js:698:8)
4 verbose stack     at doWrite (_stream_writable.js:301:12)
4 verbose stack     at writeOrBuffer (_stream_writable.js:287:5)
4 verbose stack     at Socket.Writable.write (_stream_writable.js:215:11)
4 verbose stack     at Socket.write (net.js:624:40)
4 verbose stack     at Console.log (console.js:36:16)
4 verbose stack     at EventEmitter.prefix (E:\nodejs\node_modules\npm\lib\prefix.js:9:24)
4 verbose stack     at Object.commandCache.(anonymous function) (E:\nodejs\node_modules\npm\lib\npm.js:220:11)
5 verbose cwd e:\myspace\om
6 error Windows_NT 6.1.7601
7 error argv "E:\\nodejs\\node.exe" "E:\\nodejs\\node_modules\\npm\\bin\\npm-cli.js" "prefix" "-g"
8 error node v4.4.0
9 error npm  v2.14.20
10 error code EPIPE
11 error errno EPIPE
12 error syscall write
13 error write EPIPE
14 error If you need help, you may report this error at:
14 error     <https://github.com/npm/npm/issues>
15 verbose exit [ 1, true ]
